WARNING: A terminally deprecated method in sun.misc.Unsafe has been called
WARNING: sun.misc.Unsafe::staticFieldBase has been called by com.google.inject.internal.aop.HiddenClassDefiner (file:/home/ducbrick/.m2/wrapper/dists/apache-maven-3.9.11/a2d47e15/lib/guice-5.1.0-classes.jar)
WARNING: Please consider reporting this to the maintainers of class com.google.inject.internal.aop.HiddenClassDefiner
WARNING: sun.misc.Unsafe::staticFieldBase will be removed in a future release
[INFO] Scanning for projects...
[INFO] 
[INFO] ------------------< com.ducbrick:bookstore-frontend >-------------------
[INFO] Building bookstore-frontend 0.0.1-SNAPSHOT
[INFO]   from pom.xml
[INFO] --------------------------------[ jar ]---------------------------------
[INFO] 
[INFO] >>> spring-boot:3.5.6:run (default-cli) > test-compile @ bookstore-frontend >>>
[INFO] 
[INFO] --- resources:3.3.1:resources (default-resources) @ bookstore-frontend ---
[INFO] Copying 1 resource from src/main/resources to target/classes
[INFO] Copying 5 resources from src/main/resources to target/classes
[INFO] 
[INFO] --- compiler:3.14.0:compile (default-compile) @ bookstore-frontend ---
[INFO] Nothing to compile - all classes are up to date.
[INFO] 
[INFO] --- resources:3.3.1:testResources (default-testResources) @ bookstore-frontend ---
[INFO] skip non existing resourceDirectory /home/ducbrick/Code/College/bookstore/frontend/src/test/resources
[INFO] 
[INFO] --- compiler:3.14.0:testCompile (default-testCompile) @ bookstore-frontend ---
[INFO] Nothing to compile - all classes are up to date.
[INFO] 
[INFO] <<< spring-boot:3.5.6:run (default-cli) < test-compile @ bookstore-frontend <<<
[INFO] 
[INFO] 
[INFO] --- spring-boot:3.5.6:run (default-cli) @ bookstore-frontend ---
[INFO] Attaching agents: []

  .   ____          _            __ _ _
 /\\ / ___'_ __ _ _(_)_ __  __ _ \ \ \ \
( ( )\___ | '_ | '_| | '_ \/ _` | \ \ \ \
 \\/  ___)| |_)| | | | | || (_| |  ) ) ) )
  '  |____| .__|_| |_|_| |_\__, | / / / /
 =========|_|==============|___/=/_/_/_/

 :: Spring Boot ::                (v3.5.6)

2025-10-22T23:35:24.476+07:00  INFO 233505 --- [bookstore-frontend] [  restartedMain] c.d.b.BookstoreFrontendApplication       : Starting BookstoreFrontendApplication using Java 25 with PID 233505 (/home/ducbrick/Code/College/bookstore/frontend/target/classes started by ducbrick in /home/ducbrick/Code/College/bookstore/frontend)
2025-10-22T23:35:24.477+07:00  INFO 233505 --- [bookstore-frontend] [  restartedMain] c.d.b.BookstoreFrontendApplication       : No active profile set, falling back to 1 default profile: "default"
2025-10-22T23:35:24.520+07:00  INFO 233505 --- [bookstore-frontend] [  restartedMain] .e.DevToolsPropertyDefaultsPostProcessor : Devtools property defaults active! Set 'spring.devtools.add-properties' to 'false' to disable
2025-10-22T23:35:24.520+07:00  INFO 233505 --- [bookstore-frontend] [  restartedMain] .e.DevToolsPropertyDefaultsPostProcessor : For additional web related logging consider setting the 'logging.level.web' property to 'DEBUG'
2025-10-22T23:35:25.024+07:00  INFO 233505 --- [bookstore-frontend] [  restartedMain] o.s.b.w.embedded.tomcat.TomcatWebServer  : Tomcat initialized with port 8081 (http)
2025-10-22T23:35:25.037+07:00  INFO 233505 --- [bookstore-frontend] [  restartedMain] o.apache.catalina.core.StandardService   : Starting service [Tomcat]
2025-10-22T23:35:25.037+07:00  INFO 233505 --- [bookstore-frontend] [  restartedMain] o.apache.catalina.core.StandardEngine    : Starting Servlet engine: [Apache Tomcat/10.1.46]
2025-10-22T23:35:25.054+07:00  INFO 233505 --- [bookstore-frontend] [  restartedMain] o.a.c.c.C.[Tomcat].[localhost].[/]       : Initializing Spring embedded WebApplicationContext
2025-10-22T23:35:25.054+07:00  INFO 233505 --- [bookstore-frontend] [  restartedMain] w.s.c.ServletWebServerApplicationContext : Root WebApplicationContext: initialization completed in 534 ms
2025-10-22T23:35:25.233+07:00  INFO 233505 --- [bookstore-frontend] [  restartedMain] o.s.b.d.a.OptionalLiveReloadServer       : LiveReload server is running on port 35729
2025-10-22T23:35:25.250+07:00  INFO 233505 --- [bookstore-frontend] [  restartedMain] o.s.b.w.embedded.tomcat.TomcatWebServer  : Tomcat started on port 8081 (http) with context path '/'
2025-10-22T23:35:25.255+07:00  INFO 233505 --- [bookstore-frontend] [  restartedMain] c.d.b.BookstoreFrontendApplication       : Started BookstoreFrontendApplication in 0.996 seconds (process running for 1.219)
2025-10-22T23:35:27.285+07:00  INFO 233505 --- [bookstore-frontend] [nio-8081-exec-1] o.a.c.c.C.[Tomcat].[localhost].[/]       : Initializing Spring DispatcherServlet 'dispatcherServlet'
2025-10-22T23:35:27.286+07:00  INFO 233505 --- [bookstore-frontend] [nio-8081-exec-1] o.s.web.servlet.DispatcherServlet        : Initializing Servlet 'dispatcherServlet'
2025-10-22T23:35:27.287+07:00  INFO 233505 --- [bookstore-frontend] [nio-8081-exec-1] o.s.web.servlet.DispatcherServlet        : Completed initialization in 1 ms
2025-10-22T23:35:38.402+07:00  INFO 233505 --- [bookstore-frontend] [ionShutdownHook] o.s.b.w.e.tomcat.GracefulShutdown        : Commencing graceful shutdown. Waiting for active requests to complete
2025-10-22T23:35:38.406+07:00  INFO 233505 --- [bookstore-frontend] [tomcat-shutdown] o.s.b.w.e.tomcat.GracefulShutdown        : Graceful shutdown complete
